<?xml version="1.0" encoding="UTF-8"?>
<!-- Generated by org.testng.reporters.JUnitXMLReporter -->
<testsuite ignored="3" hostname="Gauthams-MacBook-Pro.local" failures="0" tests="5" name="Flight Booking Tests" time="10.052" errors="0" timestamp="2026-05-17T17:21:56 IST">
  <testcase classname="com.blazedemo.tests.FlightBookingTest" name="TC01_verifyHomepageLoadsAndDropdownsVisible" time="0.105"/>
  <testcase classname="com.blazedemo.tests.FlightBookingTest" name="TC02_searchFlightsWithValidCities" time="0.874"/>
  <testcase classname="com.blazedemo.tests.FlightBookingTest" name="TC03_completeFlightBooking" time="2.281"/>
  <testcase classname="com.blazedemo.tests.FlightBookingTest" name="TC04_multipleBookingsWithDifferentDataSets" time="2.024"/>
  <testcase classname="com.blazedemo.tests.FlightBookingTest" name="TC04_multipleBookingsWithDifferentDataSets" time="2.049"/>
  <testcase classname="com.blazedemo.tests.FlightBookingTest" name="TC05_blankCreditCardNegative" time="0.0">
    <ignored/>
  </testcase> <!-- TC05_blankCreditCardNegative -->
  <testcase classname="com.blazedemo.tests.FlightBookingTest" name="TC06_invalidCreditCardCharacters" time="0.0">
    <ignored/>
  </testcase> <!-- TC06_invalidCreditCardCharacters -->
  <testcase classname="com.blazedemo.tests.FlightBookingTest" name="TC07_sameDepartureAndDestinationCityNegative" time="0.0">
    <ignored/>
  </testcase> <!-- TC07_sameDepartureAndDestinationCityNegative -->
</testsuite> <!-- Flight Booking Tests -->
