<?xml version="1.0" encoding="UTF-8"?>
<!-- Generated by org.testng.reporters.JUnitXMLReporter -->
<testsuite ignored="3" hostname="Gauthams-MacBook-Pro.local" failures="0" tests="5" name="Smoke Functional DataDriven Negative Tests" time="10.073" errors="0" timestamp="2026-05-17T17:16:28 IST">
  <testcase classname="com.blazedemo.tests.FlightBookingTest" name="TC01_verifyHomepageLoadsAndDropdownsVisible" time="0.033"/>
  <testcase classname="com.blazedemo.tests.FlightBookingTest" name="TC02_searchFlightsWithValidCities" time="0.907"/>
  <testcase classname="com.blazedemo.tests.FlightBookingTest" name="TC03_completeFlightBooking" time="2.205"/>
  <testcase classname="com.blazedemo.tests.FlightBookingTest" name="TC04_multipleBookingsWithDifferentDataSets" time="1.995"/>
  <testcase classname="com.blazedemo.tests.FlightBookingTest" name="TC04_multipleBookingsWithDifferentDataSets" time="2.453"/>
  <testcase classname="com.blazedemo.tests.FlightBookingTest" name="TC05_blankCreditCardNegative" time="0.0">
    <ignored/>
  </testcase> <!-- TC05_blankCreditCardNegative -->
  <testcase classname="com.blazedemo.tests.FlightBookingTest" name="TC06_invalidCreditCardCharacters" time="0.0">
    <ignored/>
  </testcase> <!-- TC06_invalidCreditCardCharacters -->
  <testcase classname="com.blazedemo.tests.FlightBookingTest" name="TC07_sameDepartureAndDestinationCityNegative" time="0.0">
    <ignored/>
  </testcase> <!-- TC07_sameDepartureAndDestinationCityNegative -->
</testsuite> <!-- Smoke Functional DataDriven Negative Tests -->
