<?xml version="1.0" encoding="UTF-8"?>
<!-- Generated by org.testng.reporters.JUnitReportReporter -->
<testsuite hostname="Gauthams-MacBook-Pro.local" failures="0" tests="8" name="com.blazedemo.tests.FlightBookingTest" time="7.333" errors="0" timestamp="2026-05-17T17:21:56 IST" skipped="3">
  <testcase classname="com.blazedemo.tests.FlightBookingTest" name="TC01_verifyHomepageLoadsAndDropdownsVisible" time="0.105"/>
  <testcase classname="com.blazedemo.tests.FlightBookingTest" name="TC02_searchFlightsWithValidCities" time="0.874"/>
  <testcase classname="com.blazedemo.tests.FlightBookingTest" name="TC03_completeFlightBooking" time="2.281"/>
  <testcase classname="com.blazedemo.tests.FlightBookingTest" name="TC04_multipleBookingsWithDifferentDataSets" time="2.049"/>
  <testcase classname="com.blazedemo.tests.FlightBookingTest" name="TC04_multipleBookingsWithDifferentDataSets" time="2.024"/>
  <testcase classname="com.blazedemo.tests.FlightBookingTest" name="TC05_blankCreditCardNegative">
    <skipped/>
  </testcase> <!-- TC05_blankCreditCardNegative -->
  <testcase classname="com.blazedemo.tests.FlightBookingTest" name="TC06_invalidCreditCardCharacters">
    <skipped/>
  </testcase> <!-- TC06_invalidCreditCardCharacters -->
  <testcase classname="com.blazedemo.tests.FlightBookingTest" name="TC07_sameDepartureAndDestinationCityNegative">
    <skipped/>
  </testcase> <!-- TC07_sameDepartureAndDestinationCityNegative -->
</testsuite> <!-- com.blazedemo.tests.FlightBookingTest -->
